Miscellaneous , 18.0 , account.account() , Unit(s)
PackingBag , 5500.0 , account.account(65,) , Unit(s)
Purewater60 , 60.0 , account.account(58,) , Unit(s)
0.5 Micron Filter , 0.0 , account.account() , Unit(s)
100A CIRCUIT BREAKER , 1.0 , account.account() , Unit(s)
100kva engine , 1.0 , account.account() , Unit(s)
12mm Rod , 1200.0 , account.account() , Unit(s)
13 Amps Plug , 0.0 , account.account() , Unit(s)
13 Amps Socket , 0.0 , account.account() , Unit(s)
13A Sockets , 1.0 , account.account() , Unit(s)
150A CB , 1.0 , account.account() , Unit(s)
150W Transformer , 1.0 , account.account() , Unit(s)
155KVA GENERATOR (CUMMINS) , 1.0 , account.account() , Unit(s)
15A Socket , 1.0 , account.account() , Unit(s)
16A Plugs , 1.0 , account.account() , Unit(s)
16 mm cable , 1.0 , account.account() , Unit(s)
16mm Rod , 3800.0 , account.account() , Unit(s)
16MM Single Cable , 1.0 , account.account() , Unit(s)
17 Spanner , 1.0 , account.account() , Unit(s)
18 Spanner , 1.0 , account.account() , Unit(s)
1GB , 1.0 , account.account() , Unit(s)
1 GB data , 1.0 , account.account() , Unit(s)
1 Inch Cico Pipe , 1.0 , account.account() , Unit(s)
1 inch hose tanker , 0.0 , account.account() , Unit(s)
1 inch union , 1.0 , account.account() , Unit(s)
1 KVA stabilizer , 1.0 , account.account() , Unit(s)
1 Micron Filter , 0.0 , account.account() , Unit(s)
1" Pipe , 1.0 , account.account() , Unit(s)
1 Sitter Chair , 1.0 , account.account() , Unit(s)
1x12 Wood , 1200.0 , account.account() , Unit(s)
220KVA GENERATOR , 1.0 , account.account() , Unit(s)
2/3 Wood , 1.0 , account.account() , Unit(s)
2500L Tank , 1.0 , account.account() , Unit(s)
250A MV PANEL , 1.0 , account.account() , Unit(s)
2 inch elbow , 1.0 , account.account() , Unit(s)
2 inch Nail , 1.0 , account.account() , Unit(s)
2 Inch Union , 1.0 , account.account() , Unit(s)
2 Sitter Chair , 1.0 , account.account() , Unit(s)
2 Sitters Chair , 1.0 , account.account() , Unit(s)
2x3 Wood , 350.0 , account.account() , Unit(s)
2x4 Wood , 1.0 , account.account() , Unit(s)
30Day-Loan , 1.0 , account.account() , Unit(s)
3 Inch Nail , 1.0 , account.account() , Unit(s)
400A Bus Bar with CB , 1.0 , account.account() , Unit(s)
40A Contactor , 1.0 , account.account() , Unit(s)
4MM Pan , 1.0 , account.account() , Unit(s)
5000L Tank , 0.0 , account.account() , Unit(s)
50CL Crate , 300.0 , account.account(205,) , Unit(s)
50cl Crate300 , 300.0 , account.account(195,) , Unit(s)
50KVA , 0.0 , account.account() , Unit(s)
5 Micron Filter , 0.0 , account.account() , Unit(s)
60 c , 1.0 , account.account() , Unit(s)
60CL Crate , 400.0 , account.account(206,) , Unit(s)
60cl Crate300 , 300.0 , account.account(62,) , Unit(s)
60cl Crate400 , 400.0 , account.account(62,) , Unit(s)
60cl Crate450 , 450.0 , account.account(165,) , Unit(s)
60cl Crate500 , 500.0 , account.account(128,) , Unit(s)
65mm Cards , 1.0 , account.account() , Unit(s)
6 inch Blocks , 1.0 , account.account() , Unit(s)
6T RO SYSTEM , 1.0 , account.account() , Unit(s)
6x30 3mm Pretreat tank , 1.0 , account.account() , Unit(s)
70mm Armoured Cable , 1.0 , account.account() , Unit(s)
8040 Membranes , 1.0 , account.account() , Unit(s)
80 Amp Contactor , 1.0 , account.account() , Unit(s)
80KVA CUMMINS GENERATOR , 0.0 , account.account() , Unit(s)
8mm Rod , 1200.0 , account.account() , Unit(s)
A4 Paper , 1.0 , account.account() , Unit(s)
Abro Grease , 1.0 , account.account() , Unit(s)
Abuja Baggers advance , 1.0 , account.account() , Unit(s)
Abuja BQ Bldg , 1.0 , account.account() , Unit(s)
Abuja-YENAGOA TRANSPORT , 1.0 , account.account() , Unit(s)
AC , 1.0 , account.account() , Unit(s)
AC100C Fingertec Full Color Biometric Time Attendance System  , 0.0 , account.account() , Unit(s)
Accident Expense , 1.0 , account.account() , Unit(s)
Accommodation Balance , 1.0 , account.account() , Unit(s)
AC Move , 1.0 , account.account() , Unit(s)
Aco Board , 1.0 , account.account() , Unit(s)
AC repairs , 0.0 , account.account() , Unit(s)
Adaptor , 1.0 , account.account() , Unit(s)
Adjustable Meter Transformer , 0.0 , account.account() , Unit(s)
Adjustable Meter Transformer M14 , 0.0 , account.account() , Unit(s)
Adjustable Nuts , 0.0 , account.account() , Unit(s)
Adjustable spanner , 1.0 , account.account() , Unit(s)
Adjuster , 0.0 , account.account() , Unit(s)
Adjustment , 0.0 , account.account() , Unit(s)
Aeration , 0.0 , account.account() , Unit(s)
Aeration Tank , 1.0 , account.account() , Unit(s)
aere , 1.0 , account.account() , Unit(s)
Air compressor , 1.0 , account.account() , Unit(s)
Air filter , 1.0 , account.account() , Unit(s)
Air Nipple , 0.0 , account.account() , Unit(s)
Air Seal , 0.0 , account.account() , Unit(s)
Airtel data , 1.0 , account.account() , Unit(s)
Aisle Oil , 0.0 , account.account() , Unit(s)
Alignment , 1.0 , account.account() , Unit(s)
Allen Key Blower , 0.0 , account.account() , Unit(s)
Allum/Copper Connector , 1.0 , account.account() , Unit(s)
Alter Bolt , 1.0 , account.account() , Unit(s)
Alternator , 0.0 , account.account() , Unit(s)
Alternator Bearings , 1.0 , account.account() , Unit(s)
alternator bushing , 1.0 , account.account() , Unit(s)
Alternator Charging , 1.0 , account.account() , Unit(s)
Alternator Recoiling , 0.0 , account.account() , Unit(s)
Aluminium Roofing Worrk , 1.0 , account.account() , Unit(s)
Aluminium Sheets , 1.0 , account.account() , Unit(s)
Aluminum Facer  , 1.0 , account.account() , Unit(s)
Amasoma Ticket , 0.0 , account.account() , Unit(s)
Amps contactor , 1.0 , account.account() , Unit(s)
Android Phone , 1.0 , account.account() , Unit(s)
Annual Maintenance Fee (4times) , 1.0 , account.account() , Unit(s)
Anti Rust Paint , 0.0 , account.account() , Unit(s)
antiscalant , 1.0 , account.account() , Unit(s)
Antiseptic , 1.0 , account.account() , Unit(s)
Architectural Drawings , 0.0 , account.account() , Unit(s)
Arm , 1.0 , account.account() , Unit(s)
Armond cable , 1.0 , account.account() , Unit(s)
Arogbo Dad Building Works , 1.0 , account.account() , Unit(s)
Artist , 1.0 , account.account() , Unit(s)
Art Work , 1.0 , account.account() , Unit(s)
AS1000 DINGLI LIQUID  PACKAGING MACHINE , 0.0 , account.account() , Unit(s)
ATWAP CONTRIBUTION , 1.0 , account.account() , Unit(s)
ATWAP Registration , 1.0 , account.account() , Unit(s)
Auto flex , 1.0 , account.account() , Unit(s)
Automatic Transmission Fluid , 0.0 , account.account() , Unit(s)
Automation , 0.0 , account.account() , Unit(s)
Ayama Ticket , 0.0 , account.account() , Unit(s)
Back knot , 1.0 , account.account() , Unit(s)
Back Oil Seal , 1.0 , account.account() , Unit(s)
Back Seal , 1.0 , account.account() , Unit(s)
Bad bags , 1.0 , account.account() , Unit(s)
Bad rolls , 1.0 , account.account() , Unit(s)
Ball valve , 1.0 , account.account() , Unit(s)
Bank Charges , 0.0 , account.account() , Unit(s)
Bank Draft , 1.0 , account.account() , Unit(s)
Banner , 1.0 , account.account() , Unit(s)
Barb Wire , 1.0 , account.account() , Unit(s)
Batcher Remove , 1.0 , account.account() , Unit(s)
Batteries , 1.0 , account.account() , Unit(s)
Battery , 0.0 , account.account() , Unit(s)
Battery Cage , 0.0 , account.account() , Unit(s)
Battery charging , 1.0 , account.account() , Unit(s)
Battery Hiring , 0.0 , account.account() , Unit(s)
Battery Moudling and Charging , 1.0 , account.account() , Unit(s)
Battery Moulding and Acid , 0.0 , account.account() , Unit(s)
Battery Padlock , 0.0 , account.account() , Unit(s)
Battery Refill , 0.0 , account.account() , Unit(s)
Battery replacement , 1.0 , account.account() , Unit(s)
Battery Tanker , 1.0 , account.account() , Unit(s)
Battery Terminal , 0.0 , account.account() , Unit(s)
Batting , 1.0 , account.account() , Unit(s)
Beam , 0.0 , account.account() , Unit(s)
Bearing , 1.0 , account.account() , Unit(s)
Bearing Grease , 0.0 , account.account() , Unit(s)
Bearing Sachet Machine , 1.0 , account.account() , Unit(s)
Bed , 1.0 , account.account() , Unit(s)
Bedsheet , 0.0 , account.account() , Unit(s)
Bench , 1.0 , account.account() , Unit(s)
Bendice , 0.0 , account.account() , Unit(s)
benz repairs in lagos , 0.0 , account.account() , Unit(s)
BGIS C/O , 0.0 , account.account() , Unit(s)
Big Door , 1.0 , account.account() , Unit(s)
Big GMP Window , 1.0 , account.account() , Unit(s)
Big Iron Door , 1.0 , account.account() , Unit(s)
Bills , 1.0 , account.account() , Unit(s)
Binding Wire , 9000.0 , account.account() , Unit(s)
Bitplug Financials CAC Reg , 1.0 , account.account() , Unit(s)
Black Gum , 0.0 , account.account() , Unit(s)
Black Ink Refill , 1.0 , account.account() , Unit(s)
Black Tape , 0.0 , account.account() , Unit(s)
Blade , 1.0 , account.account() , Unit(s)
blank Receipt Booklet , 0.0 , account.account() , Unit(s)
Block , 1.0 , account.account() , Unit(s)
Block 9inch , 1.0 , account.account() , Unit(s)
Blocks Making , 1.0 , account.account() , Unit(s)
Block Work , 1.0 , account.account() , Unit(s)
Blower compressor gear oil , 1.0 , account.account() , Unit(s)
Blower compressor oil , 0.0 , account.account() , Unit(s)
Blower contractor , 0.0 , account.account() , Unit(s)
Blower Grease , 0.0 , account.account() , Unit(s)
Blower Machine TImer and Board , 0.0 , account.account() , Unit(s)
Blower Nussle , 1.0 , account.account() , Unit(s)
Blower Nussle Seal , 1.0 , account.account() , Unit(s)
Blower Seal , 0.0 , account.account() , Unit(s)
Blower valve , 0.0 , account.account() , Unit(s)
Blowing Valve , 1.0 , account.account() , Unit(s)
Blue gum , 1.0 , account.account() , Unit(s)
Blue Paint (Tanker) , 1.0 , account.account() , Unit(s)
Boarding , 1.0 , account.account() , Unit(s)
Bolt And Nut , 1.0 , account.account() , Unit(s)
BOLT CUTTINg , 1.0 , account.account() , Unit(s)
Bolts , 1.0 , account.account() , Unit(s)
Book Shelf , 1.0 , account.account() , Unit(s)
Bore hole , 1.0 , account.account() , Unit(s)
Bore hole air compressor servicing , 1.0 , account.account() , Unit(s)
Bore hole compressor oil , 0.0 , account.account() , Unit(s)
Bore hole drilling , 1.0 , account.account() , Unit(s)
bore hole install , 1.0 , account.account() , Unit(s)
Bore Hole Wiring , 1.0 , account.account() , Unit(s)
Borris , 1.0 , account.account() , Unit(s)
Bottle Capping Machine Pin , 0.0 , account.account() , Unit(s)
Bottling Line Gear Oil , 1.0 , account.account() , Unit(s)
Bottling Valve Filler , 0.0 , account.account() , Unit(s)
Brake bulbs & switch , 1.0 , account.account() , Unit(s)
Brake Calliper , 0.0 , account.account() , Unit(s)
Brake Drum , 0.0 , account.account() , Unit(s)
Brake drum surfacing , 1.0 , account.account() , Unit(s)
Brake Fluid , 0.0 , account.account() , Unit(s)
Brake Lining , 0.0 , account.account() , Unit(s)
Brake Oil , 0.0 , account.account() , Unit(s)
Brake Pad , 0.0 , account.account() , Unit(s)
Brake Pot , 0.0 , account.account() , Unit(s)
Brake Savle , 0.0 , account.account() , Unit(s)
Branding , 0.0 , account.account() , Unit(s)
BRC , 1.0 , account.account() , Unit(s)
Break Fluid , 1.0 , account.account() , Unit(s)
Break lining , 1.0 , account.account() , Unit(s)
Break pot , 1.0 , account.account() , Unit(s)
Brick Block , 1.0 , account.account() , Unit(s)
Brick Blocks Making , 0.0 , account.account() , Unit(s)
Broom , 1.0 , account.account() , Unit(s)
Brunch shoulder key , 0.0 , account.account() , Unit(s)
Brush , 1.0 , account.account() , Unit(s)
Brush Shoulder , 0.0 , account.account() , Unit(s)
Buckets , 0.0 , account.account() , Unit(s)
Building Restructure , 0.0 , account.account() , Unit(s)
Building Works , 1.0 , account.account() , Unit(s)
Bulb , 0.0 , account.account() , Unit(s)
Burnt Bricks , 1.0 , account.account() , Unit(s)
Burnt Bricks Work , 1.0 , account.account() , Unit(s)
Bus , 1.0 , account.account() , Unit(s)
Bush Entry , 1.0 , account.account() , Unit(s)
Bushing , 1.0 , account.account() , Unit(s)
bushing rubber , 1.0 , account.account() , Unit(s)
bush rubber , 1.0 , account.account() , Unit(s)
Button , 0.0 , account.account() , Unit(s)
Buypower , 1.0 , account.account() , Unit(s)
Cable , 1.0 , account.account() , Unit(s)
Cable 2.5mm , 1.0 , account.account() , Unit(s)
Cable 4mm , 0.0 , account.account() , Unit(s)
Cable / Alarm , 1.0 , account.account() , Unit(s)
Cable (Bart) , 0.0 , account.account() , Unit(s)
Cable fixing , 0.0 , account.account() , Unit(s)
Cable log , 0.0 , account.account() , Unit(s)
Cable plug , 1.0 , account.account() , Unit(s)
Cable terminal , 1.0 , account.account() , Unit(s)
Cable tie , 1.0 , account.account() , Unit(s)
Caborator  , 1.0 , account.account() , Unit(s)
Caborator servicing , 0.0 , account.account() , Unit(s)
Caburator Cleaner , 0.0 , account.account() , Unit(s)
Caburator Servicing , 0.0 , account.account() , Unit(s)
Caburator Working , 0.0 , account.account() , Unit(s)
Calculator , 1.0 , account.account() , Unit(s)
Caliper , 0.0 , account.account() , Unit(s)
Calliper rubber , 1.0 , account.account() , Unit(s)
Capacitor , 0.0 , account.account() , Unit(s)
Capacitor Bottleing oil , 0.0 , account.account() , Unit(s)
Capacitor Waybil , 0.0 , account.account() , Unit(s)
Capasitor 45 UF , 1.0 , account.account() , Unit(s)
Capenda Submersible Pump , 1.0 , account.account() , Unit(s)
Cap lock , 1.0 , account.account() , Unit(s)
caps white , 1.0 , account.account() , Unit(s)
Car Body Spray , 0.0 , account.account() , Unit(s)
Carbon (Bag) , 0.0 , account.account() , Unit(s)
carbon filter , 0.0 , account.account() , Unit(s)
Carborator works , 1.0 , account.account() , Unit(s)
Cargo Release Charges , 0.0 , account.account() , Unit(s)
Car Park , 0.0 , account.account() , Unit(s)
Car Particulars Renewal , 0.0 , account.account() , Unit(s)
Carpenter , 1.0 , account.account() , Unit(s)
Carpet , 1.0 , account.account() , Unit(s)
Cash Refund , 0.0 , account.account() , Unit(s)
Catridge , 1.0 , account.account() , Unit(s)
Caustic Soda , 0.0 , account.account() , Unit(s)
C Caution , 1.0 , account.account() , Unit(s)
C- Caution Tanker , 0.0 , account.account() , Unit(s)
CCTV SURVEY , 1.0 , account.account() , Unit(s)
Ceiling Fan , 1.0 , account.account() , Unit(s)
Celo tape , 1.0 , account.account() , Unit(s)
Cement Bag , 1.0 , account.account() , Unit(s)
Cements , 1.0 , account.account() , Unit(s)
Censor , 1.0 , account.account() , Unit(s)
Chain Roller , 1.0 , account.account() , Unit(s)
Chain stopper , 1.0 , account.account() , Unit(s)
Chair , 1.0 , account.account() , Unit(s)
Chamber , 1.0 , account.account() , Unit(s)
Charge Controller , 1.0 , account.account() , Unit(s)
Charger , 1.0 , account.account() , Unit(s)
Checking Device Protector , 0.0 , account.account() , Unit(s)
Check up , 1.0 , account.account() , Unit(s)
chipings , 1.0 , account.account() , Unit(s)
Chipping , 1.0 , account.account() , Unit(s)
Chlorine 50KG , 1.0 , account.account() , Unit(s)
Circuit Breaker , 1.0 , account.account() , Unit(s)
Citric Acid , 1.0 , account.account() , Unit(s)
Cleaner - Faith , 1.0 , account.account() , Unit(s)
Cleaning Materials , 1.0 , account.account() , Unit(s)
cleaning warehouse olaitan , 1.0 , account.account() , Unit(s)
Clearing , 1.0 , account.account() , Unit(s)
Clearing Goods , 1.0 , account.account() , Unit(s)
cleat , 1.0 , account.account() , Unit(s)
Clip , 1.0 , account.account() , Unit(s)
CLO , 1.0 , account.account() , Unit(s)
Clutch , 1.0 , account.account() , Unit(s)
Clutch disc , 1.0 , account.account() , Unit(s)
Clutch disc surfacing , 1.0 , account.account() , Unit(s)
Clutch hose , 1.0 , account.account() , Unit(s)
Clutch moon , 1.0 , account.account() , Unit(s)
Clutch Plate Rebinding , 0.0 , account.account() , Unit(s)
Clutch Plate Rekitting , 0.0 , account.account() , Unit(s)
Clutch Pot , 0.0 , account.account() , Unit(s)
Coax Sand , 0.0 , account.account() , Unit(s)
Coil Blower , 0.0 , account.account() , Unit(s)
Commission , 1.0 , account.account() , Unit(s)
Commissioning , 1.0 , account.account() , Unit(s)
Commission on Port Dues , 0.0 , account.account() , Unit(s)
Compressor , 0.0 , account.account() , Unit(s)
compressor 1hp , 1.0 , account.account() , Unit(s)
Compressor fan belt , 1.0 , account.account() , Unit(s)
Compressor Oil , 0.0 , account.account() , Unit(s)
Concrete Nail , 1.0 , account.account() , Unit(s)
Connector , 0.0 , account.account() , Unit(s)
Contactor , 1.0 , account.account() , Unit(s)
Contractor , 1.0 , account.account() , Unit(s)
Conveyor gear oil , 1.0 , account.account() , Unit(s)
Conveyor Switch , 1.0 , account.account() , Unit(s)
corporate gift , 1.0 , account.account() , Unit(s)
Cotton , 1.0 , account.account() , Unit(s)
Cotton wool , 1.0 , account.account() , Unit(s)
Courier (International) , 1.0 , account.account() , Unit(s)
Cover , 1.0 , account.account() , Unit(s)
Cracking , 0.0 , account.account() , Unit(s)
Crate60CLx12 , 500.0 , account.account() , Unit(s)
Crates Refund , 1.0 , account.account() , Unit(s)
Crusher - Recycler , 1.0 , account.account() , Unit(s)
Culvet Deposit , 1.0 , account.account() , Unit(s)
Cups , 1.0 , account.account() , Unit(s)
Customized Shirts , 1.0 , account.account() , Unit(s)
Cutlass , 0.0 , account.account() , Unit(s)
cutter rubber , 0.0 , account.account() , Unit(s)
Cutting Machine Blade Repairs , 1.0 , account.account() , Unit(s)
cutting machine fan belt , 1.0 , account.account() , Unit(s)
Cutting Machine Inverter , 1.0 , account.account() , Unit(s)
Cutting Machine Repairs , 1.0 , account.account() , Unit(s)
CUTTINg STONE , 1.0 , account.account() , Unit(s)
Cylinder , 1.0 , account.account() , Unit(s)
Cylinder 50cl , 0.0 , account.account() , Unit(s)
Daily ticket , 1.0 , account.account() , Unit(s)
Damages , 0.0 , account.account() , Unit(s)
Damper , 1.0 , account.account() , Unit(s)
Delta Stickers , 0.0 , account.account() , Unit(s)
Demarcation , 1.0 , account.account() , Unit(s)
Detergent , 1.0 , account.account() , Unit(s)
Development Fee , 1.0 , account.account() , Unit(s)
DHL Express , 0.0 , account.account() , Unit(s)
Diesel , 160000.0 , account.account() , Unit(s)
Diesel Drum , 0.0 , account.account() , Unit(s)
Diesel hose , 1.0 , account.account() , Unit(s)
Diesel - Obunna , 1.0 , account.account() , Unit(s)
Diesel Oil , 0.0 , account.account() , Unit(s)
Digital Scale , 1.0 , account.account() , Unit(s)
dingl , 1.0 , account.account() , Unit(s)
dingli machine purchased , 1.0 , account.account() , Unit(s)
Dingli Motor , 1.0 , account.account() , Unit(s)
Dingli Pump , 1.0 , account.account() , Unit(s)
Dingli Wheel , 1.0 , account.account() , Unit(s)
Dinning Chair , 1.0 , account.account() , Unit(s)
Dinning Table , 1.0 , account.account() , Unit(s)
Disinfectant , 1.0 , account.account() , Unit(s)
Disosa Water , 1.0 , account.account() , Unit(s)
Dispenser , 350.0 , account.account(98,) , Unit(s)
Dispenser1200 , 1200.0 , account.account(130,) , Unit(s)
Dispenser1300 , 1300.0 , account.account() , Unit(s)
Dispenser1400 , 1400.0 , account.account(131,) , Unit(s)
Dispenser1500 , 1500.0 , account.account(127,) , Unit(s)
Dispenser 19L Refill , 1.0 , account.account() , Unit(s)
Dispenser270 , 270.0 , account.account(83,) , Unit(s)
Dispenser300 , 300.0 , account.account(59,) , Unit(s)
Dispenser35- , 1.0 , account.account() , Unit(s)
Dispenser350 , 350.0 , account.account(64,) , Unit(s)
Dispenser350cl , 1.0 , account.account() , Unit(s)
Dispenser400 , 400.0 , account.account(112,) , Unit(s)
Dispenser bags , 1.0 , account.account() , Unit(s)
Dispenser Cap , 1.0 , account.account() , Unit(s)
Dispenser Caps , 1.0 , account.account() , Unit(s)
Dispenser Label , 1.0 , account.account() , Unit(s)
Dispenser Machine , 1.0 , account.account() , Unit(s)
Dispenser Seal , 1.0 , account.account() , Unit(s)
Dispenser Tamper Proof , 1.0 , account.account() , Unit(s)
Dispenser Washing Machine Capacitor , 0.0 , account.account() , Unit(s)
DISTILLER MACHINE , 1.0 , account.account() , Unit(s)
Distribution Board , 0.0 , account.account() , Unit(s)
Distributor Cover , 0.0 , account.account() , Unit(s)
Documentation & Handling , 0.0 , account.account() , Unit(s)
Domestic RO , 1.0 , account.account() , Unit(s)
Door , 1.0 , account.account() , Unit(s)
Door Closer , 1.0 , account.account() , Unit(s)
Door Hinge , 1.0 , account.account() , Unit(s)
Door Lock , 1.0 , account.account() , Unit(s)
Door Net , 1.0 , account.account() , Unit(s)
dosing pump , 1.0 , account.account() , Unit(s)
Dosing Pump Engine Roller , 0.0 , account.account() , Unit(s)
Dosing Tank , 0.0 , account.account() , Unit(s)
Dozing Bucket , 1.0 , account.account() , Unit(s)
Driver License , 1.0 , account.account() , Unit(s)
Driving Balance , 0.0 , account.account() , Unit(s)
Drum , 1.0 , account.account() , Unit(s)
dstv explorer , 1.0 , account.account() , Unit(s)
Earthing , 1.0 , account.account() , Unit(s)
Earthing and Thunder Arrestor , 0.0 , account.account() , Unit(s)
Earth removal , 1.0 , account.account() , Unit(s)
Ebi Doubra renovation , 1.0 , account.account() , Unit(s)
Ecoplot filter , 1.0 , account.account() , Unit(s)
Eco plus filter , 1.0 , account.account() , Unit(s)
Elbow , 350.0 , account.account() , Unit(s)
Electrical Pipe , 1.0 , account.account() , Unit(s)
ELECTRICAL POWER , 1.0 , account.account() , Unit(s)
Electricals , 0.0 , account.account() , Unit(s)
Electricals for 8 machines , 1.0 , account.account() , Unit(s)
Electricals (Vehicle) , 0.0 , account.account() , Unit(s)
Electric Connection , 0.0 , account.account() , Unit(s)
Electric Cooker , 0.0 , account.account() , Unit(s)
Electric Motor , 0.0 , account.account() , Unit(s)
Electrode , 0.0 , account.account() , Unit(s)
Electron , 1.0 , account.account() , Unit(s)
Electronics , 0.0 , account.account() , Unit(s)
ELe-lene , 0.0 , account.account() , Unit(s)
Eleme HDPE , 1.0 , account.account() , Unit(s)
Element , 1.0 , account.account() , Unit(s)
El-lene , 1.0 , account.account() , Unit(s)
El-lene , 0.0 , account.account() , Unit(s)
El-Lene HDPE H5604F , 19350.0 , account.account(198,) , Unit(s)
Energy Bulbs , 1.0 , account.account() , Unit(s)
Engine , 0.0 , account.account() , Unit(s)
Engine Distributor , 1.0 , account.account() , Unit(s)
Engine Fan , 0.0 , account.account() , Unit(s)
Engine installation , 1.0 , account.account() , Unit(s)
Engine Oil , 0.0 , account.account() , Unit(s)
Engine oil extruder , 0.0 , account.account() , Unit(s)
Engine sitting , 1.0 , account.account() , Unit(s)
Engr John Bayelsa Trip , 1.0 , account.account() , Unit(s)
Entertainment , 1.0 , account.account() , Unit(s)
Envelop , 0.0 , account.account() , Unit(s)
Environmental Sanitation Authority , 0.0 , account.account() , Unit(s)
Environment Sticker , 0.0 , account.account() , Unit(s)
Escort , 0.0 , account.account() , Unit(s)
Estate Fees , 1.0 , account.account() , Unit(s)
Exceed , 0.0 , account.account() , Unit(s)
Exhaust , 0.0 , account.account() , Unit(s)
Exhaust Gasket , 0.0 , account.account() , Unit(s)
Exhaust Net , 0.0 , account.account() , Unit(s)
Exhaust Seal , 1.0 , account.account() , Unit(s)
Exhaust welding , 0.0 , account.account() , Unit(s)
Exit Button , 1.0 , account.account() , Unit(s)
Exit Doors , 1.0 , account.account() , Unit(s)
Expenses Plast Import , 0.0 , account.account() , Unit(s)
Extension , 1.0 , account.account() , Unit(s)
Extension Cable , 0.0 , account.account() , Unit(s)
Extension Socket , 0.0 , account.account() , Unit(s)
Extruder Fan , 0.0 , account.account() , Unit(s)
Extruder Fan Belt , 1.0 , account.account() , Unit(s)
Extruder Gear Oil , 1.0 , account.account() , Unit(s)
Extruder Purchase Runs , 1.0 , account.account() , Unit(s)
Extruder Research , 1.0 , account.account() , Unit(s)
Extruder Seat , 1.0 , account.account() , Unit(s)
Extruder Unit , 1.0 , account.account() , Unit(s)
Extuder Fan Belts , 0.0 , account.account() , Unit(s)
Exxon-Mobil LDPE , 1.0 , account.account() , Unit(s)
ExxonMobil LDPE , 0.0 , account.account() , Unit(s)
F19 Access Control , 1.0 , account.account() , Unit(s)
Factory , 0.0 , account.account() , Unit(s)
Factory A Painting , 1.0 , account.account() , Unit(s)
Famo , 0.0 , account.account() , Unit(s)
Fan , 1.0 , account.account() , Unit(s)
Fan Belt , 0.0 , account.account() , Unit(s)
fan belt machine , 1.0 , account.account() , Unit(s)
Fan Recoiling , 0.0 , account.account() , Unit(s)
Feeding , 1.0 , account.account() , Unit(s)
Felling of Trees , 0.0 , account.account() , Unit(s)
Fence Work , 1.0 , account.account() , Unit(s)
FGWILSON P110 , 1.0 , account.account() , Unit(s)
Fibre , 0.0 , account.account() , Unit(s)
Fido Box , 1.0 , account.account() , Unit(s)
FIDO FARMS REG , 1.0 , account.account() , Unit(s)
Fido Water Box , 1.0 , account.account() , Unit(s)
Filling , 1.0 , account.account() , Unit(s)
Filling Sand , 1.0 , account.account() , Unit(s)
filter case , 1.0 , account.account() , Unit(s)
Filter Casing , 0.0 , account.account() , Unit(s)
Filter Construction  , 0.0 , account.account() , Unit(s)
Filter cup , 1.0 , account.account() , Unit(s)
Filter Elements , 0.0 , account.account() , Unit(s)
Filter Extruder , 0.0 , account.account() , Unit(s)
filter housing , 1.0 , account.account() , Unit(s)
Filter net , 1.0 , account.account() , Unit(s)
Fire Extinguisher , 1.0 , account.account() , Unit(s)
First Aid , 1.0 , account.account() , Unit(s)
Flash bend , 0.0 , account.account() , Unit(s)
Flight T , 1.0 , account.account() , Unit(s)
Floor Refitting , 0.0 , account.account() , Unit(s)
Flow Switch , 0.0 , account.account() , Unit(s)
Flushing radiator , 1.0 , account.account() , Unit(s)
Foam , 1.0 , account.account() , Unit(s)
Footmat , 0.0 , account.account() , Unit(s)
Ford Motor , 1.0 , account.account() , Unit(s)
For John , 1.0 , account.account() , Unit(s)
Fridge , 1.0 , account.account() , Unit(s)
front oil seal , 1.0 , account.account() , Unit(s)
Front Traficator for Mits01 , 0.0 , account.account() , Unit(s)
Fuel filter , 1.0 , account.account() , Unit(s)
Fuel filter cup , 1.0 , account.account() , Unit(s)
Fuel filter fitting , 0.0 , account.account() , Unit(s)
Fuel Lift Pump , 0.0 , account.account() , Unit(s)
Fuel (Petrol) , 1.0 , account.account() , Unit(s)
Fuel Pump , 0.0 , account.account() , Unit(s)
Fumigation , 1.0 , account.account() , Unit(s)
Fumigation Chemicals , 1.0 , account.account() , Unit(s)
Fund , 1.0 , account.account() , Unit(s)
Funnel , 0.0 , account.account() , Unit(s)
Furniture - Gwarinpa office , 1.0 , account.account() , Unit(s)
Furniture - Obunna , 1.0 , account.account() , Unit(s)
Fuse , 1.0 , account.account() , Unit(s)
Fuse plug , 1.0 , account.account() , Unit(s)
Gas cooker , 1.0 , account.account() , Unit(s)
Gas filter , 1.0 , account.account() , Unit(s)
Gasket , 0.0 , account.account() , Unit(s)
Gas washers , 0.0 , account.account() , Unit(s)
Gate Balance , 1.0 , account.account() , Unit(s)
Gate works , 1.0 , account.account() , Unit(s)
GE 25055 Touch Digital Wall TImer , 1.0 , account.account() , Unit(s)
Gear , 1.0 , account.account() , Unit(s)
Gear Bearing , 1.0 , account.account() , Unit(s)
Gear box , 1.0 , account.account() , Unit(s)
Gear Box Belt Sachet Machine , 1.0 , account.account() , Unit(s)
Gear cable , 0.0 , account.account() , Unit(s)
Gear Oil , 0.0 , account.account() , Unit(s)
Gear Rod , 0.0 , account.account() , Unit(s)
Gear rod foot threading , 0.0 , account.account() , Unit(s)
Gear selector , 0.0 , account.account() , Unit(s)
Gear works , 1.0 , account.account() , Unit(s)
General Hydroponics GH1514 Ph Control Kit  , 1.0 , account.account() , Unit(s)
Generator Maintenance (P110) , 1.0 , account.account() , Unit(s)
Generator Pipes , 1.0 , account.account() , Unit(s)
Generator Radiator , 0.0 , account.account() , Unit(s)
Generator Repairs , 1.0 , account.account() , Unit(s)
Generator Ringing , 1.0 , account.account() , Unit(s)
Generator Servicing , 0.0 , account.account() , Unit(s)
Generator swapping , 0.0 , account.account() , Unit(s)
Generator Tank , 0.0 , account.account() , Unit(s)
Generator works , 1.0 , account.account() , Unit(s)
gen expenses , 0.0 , account.account() , Unit(s)
Glass work , 0.0 , account.account() , Unit(s)
Gmp , 1.0 , account.account() , Unit(s)
GMP for small Windows , 1.0 , account.account() , Unit(s)
Gmp Window , 1.0 , account.account() , Unit(s)
Government Tickets , 1.0 , account.account() , Unit(s)
Granite , 1.0 , account.account() , Unit(s)
Grass Chemical , 0.0 , account.account() , Unit(s)
Grass Cutting , 1.0 , account.account() , Unit(s)
Gravel , 1.0 , account.account() , Unit(s)
Grease , 0.0 , account.account() , Unit(s)
Grease Bottling , 1.0 , account.account() , Unit(s)
Grease conveyor , 0.0 , account.account() , Unit(s)
Grinding Top , 1.0 , account.account() , Unit(s)
Gum , 0.0 , account.account() , Unit(s)
Gutter Cleaning , 1.0 , account.account() , Unit(s)
Gwarinpa Desk , 1.0 , account.account() , Unit(s)
Gwarinpa Door , 1.0 , account.account() , Unit(s)
Gwarinpa Gutter , 1.0 , account.account() , Unit(s)
Hammer , 1.0 , account.account() , Unit(s)
Hand Brake , 0.0 , account.account() , Unit(s)
Hand Brush , 0.0 , account.account() , Unit(s)
Hand glove , 1.0 , account.account() , Unit(s)
Handglove Blower , 0.0 , account.account() , Unit(s)
Handglove Bottling , 1.0 , account.account() , Unit(s)
Hand payment , 1.0 , account.account() , Unit(s)
Hand payment of staff , 0.0 , account.account() , Unit(s)
Hand saw , 1.0 , account.account() , Unit(s)
Hand Towel , 0.0 , account.account() , Unit(s)
Hand Trowel , 0.0 , account.account() , Unit(s)
Hawkers permit , 1.0 , account.account() , Unit(s)
Hawkers permit Tanker , 0.0 , account.account() , Unit(s)
HDPE film , 0.0 , account.account() , Unit(s)
Head Light , 0.0 , account.account() , Unit(s)
Head Light Bulb , 1.0 , account.account() , Unit(s)
Head Light Cover , 0.0 , account.account() , Unit(s)
Head Light Glass , 0.0 , account.account() , Unit(s)
HeadLight Relay , 1.0 , account.account() , Unit(s)
Head Pan Hiring , 1.0 , account.account() , Unit(s)
Health Issues , 1.0 , account.account() , Unit(s)
Heater , 1.0 , account.account() , Unit(s)
heater block , 1.0 , account.account() , Unit(s)
Heater Fans , 0.0 , account.account() , Unit(s)
Heater Plug , 1.0 , account.account() , Unit(s)
Heater Wire , 0.0 , account.account() , Unit(s)
Herbicide , 0.0 , account.account() , Unit(s)
Herbore , 0.0 , account.account() , Unit(s)
Hilux Fuel , 1.0 , account.account() , Unit(s)
Hings , 0.0 , account.account() , Unit(s)
Hiring , 1.0 , account.account() , Unit(s)
Hitachi Printer Makeup Solution , 0.0 , account.account() , Unit(s)
Hitachi RX2 160W Printer , 0.0 , account.account() , Unit(s)
Hivorex , 0.0 , account.account() , Unit(s)
HIVOREX HDPE 7000F , 19000.0 , account.account(197,) , Unit(s)
HIVOREX HDPE FL7000 , 19350.0 , account.account(197,) , Unit(s)
horizontal cutter rubber , 1.0 , account.account() , Unit(s)
Horn , 0.0 , account.account() , Unit(s)
Horn contact , 1.0 , account.account() , Unit(s)
Horn Relay , 0.0 , account.account() , Unit(s)
Hose , 1.0 , account.account() , Unit(s)
Hot Air Blower , 0.0 , account.account() , Unit(s)
Hydraulic , 1.0 , account.account() , Unit(s)
Hydraulic Hose , 0.0 , account.account() , Unit(s)
Hydraulic Oil , 0.0 , account.account() , Unit(s)
Hypochloride , 1.0 , account.account() , Unit(s)
ID Card , 1.0 , account.account() , Unit(s)
Ignator , 1.0 , account.account() , Unit(s)
Ignition Fibre , 1.0 , account.account() , Unit(s)
Ignition Fuse , 0.0 , account.account() , Unit(s)
Ignitor , 0.0 , account.account() , Unit(s)
Impoundment , 0.0 , account.account() , Unit(s)
Imprest , 1.0 , account.account() , Unit(s)
Inidcator Bulb , 0.0 , account.account() , Unit(s)
Injector Rotot Plate , 1.0 , account.account() , Unit(s)
Injector servicing , 1.0 , account.account() , Unit(s)
Ink , 1.0 , account.account() , Unit(s)
Insecticide , 0.0 , account.account() , Unit(s)
Installation , 1.0 , account.account() , Unit(s)
Installaton of post paid meter , 1.0 , account.account() , Unit(s)
Interdap Surface Pump , 0.0 , account.account() , Unit(s)
Internal Revenue(Board) , 0.0 , account.account() , Unit(s)
Internet Data , 1.0 , account.account() , Unit(s)
Inverter , 1.0 , account.account() , Unit(s)
Inverter housing , 0.0 , account.account() , Unit(s)
IPA  , 0.0 , account.account() , Unit(s)
Iron , 0.0 , account.account() , Unit(s)
Iron Bending , 1.0 , account.account() , Unit(s)
Iron Net , 1.0 , account.account() , Unit(s)
iron/ring hose , 1.0 , account.account() , Unit(s)
Jack , 1.0 , account.account() , Unit(s)
Jerry can , 0.0 , account.account() , Unit(s)
Jumbo Filter , 0.0 , account.account() , Unit(s)
Jumbo Filter Complete , 1.0 , account.account() , Unit(s)
jumbo filter housing , 1.0 , account.account() , Unit(s)
Keensen 4040 Membrane , 1.0 , account.account() , Unit(s)
Key , 1.0 , account.account() , Unit(s)
Key Duplication , 0.0 , account.account() , Unit(s)
Key Fibre , 1.0 , account.account() , Unit(s)
Key starter , 1.0 , account.account() , Unit(s)
Kick Bendice , 0.0 , account.account() , Unit(s)
Kick Brush , 1.0 , account.account() , Unit(s)
Kick Solonoid , 0.0 , account.account() , Unit(s)
Kickstarter , 0.0 , account.account() , Unit(s)
Kick Starter , 0.0 , account.account() , Unit(s)
Kickstarter Solonoid , 0.0 , account.account() , Unit(s)
Kick Start Relay , 0.0 , account.account() , Unit(s)
Knot , 1.0 , account.account() , Unit(s)
Knuckle head , 0.0 , account.account() , Unit(s)
Korean Cutting Machine ( , 1.0 , account.account() , Unit(s)
Korean Cutting Machine Motor , 1.0 , account.account() , Unit(s)
Korean Extruder (Used) , 1.0 , account.account() , Unit(s)
Korean Nylon Cutting Machine , 1.0 , account.account() , Unit(s)
Koyo Water Filling Machine , 1.0 , account.account() , Unit(s)
Kpansia Accommodation , 1.0 , account.account() , Unit(s)
Kpansia Fence-Drivew , 1.0 , account.account() , Unit(s)
Kpansia Land , 1.0 , account.account() , Unit(s)
Kpansia Platofrm , 1.0 , account.account() , Unit(s)
krancher Key , 1.0 , account.account() , Unit(s)
Krancher Pulley , 1.0 , account.account() , Unit(s)
Lab. coat , 1.0 , account.account() , Unit(s)
Label , 1.0 , account.account() , Unit(s)
label (50cl) , 1.0 , account.account() , Unit(s)
Label (60cl) , 1.0 , account.account() , Unit(s)
Labour , 1.0 , account.account() , Unit(s)
Lagos-Abuja Transport , 1.0 , account.account() , Unit(s)
Lagos Logistics , 0.0 , account.account() , Unit(s)
Lagos trip , 1.0 , account.account() , Unit(s)
Lagos Van servicing , 1.0 , account.account() , Unit(s)
Lamp holder , 0.0 , account.account() , Unit(s)
land at obunna , 1.0 , account.account() , Unit(s)
Land Survey , 1.0 , account.account() , Unit(s)
Laptop , 1.0 , account.account() , Unit(s)
Late transport , 1.0 , account.account() , Unit(s)
Lawyer Fees , 1.0 , account.account() , Unit(s)
Lawyer Fees + Stamp Duty , 1.0 , account.account() , Unit(s)
Legal Agreement , 1.0 , account.account() , Unit(s)
Legal bill , 1.0 , account.account() , Unit(s)
Lenovo laptop corei3 , 1.0 , account.account() , Unit(s)
LG DISPLAY , 1.0 , account.account() , Unit(s)
Light , 0.0 , account.account() , Unit(s)
LIGHTING , 1.0 , account.account() , Unit(s)
Lightning Gwarinpa , 1.0 , account.account() , Unit(s)
Liquid soap , 0.0 , account.account() , Unit(s)
Lithium Grease , 1.0 , account.account() , Unit(s)
Loan to Staff , 0.0 , account.account() , Unit(s)
Local Government Ticket , 1.0 , account.account() , Unit(s)
Locally Made Treatment for Nylon , 1.0 , account.account() , Unit(s)
Local Trolley  , 1.0 , account.account() , Unit(s)
Lock , 0.0 , account.account() , Unit(s)
Lodging , 1.0 , account.account() , Unit(s)
Logistics , 1.0 , account.account() , Unit(s)
Logistics for Bricks Work , 1.0 , account.account() , Unit(s)
logo , 1.0 , account.account() , Unit(s)
Lorenzo Submersible Pump , 1.0 , account.account() , Unit(s)
Loterene , 0.0 , account.account() , Unit(s)
Lotrene , 0.0 , account.account() , Unit(s)
Machine Belt , 0.0 , account.account() , Unit(s)
Machine Maintenance , 1.0 , account.account() , Unit(s)
Machine parts , 0.0 , account.account() , Unit(s)
Machine Pin and Fuse , 1.0 , account.account() , Unit(s)
Machine Setup , 1.0 , account.account() , Unit(s)
Machine Testing , 1.0 , account.account() , Unit(s)
Maglock , 1.0 , account.account() , Unit(s)
Maintenance , 0.0 , account.account() , Unit(s)
Makeup Solution , 0.0 , account.account() , Unit(s)
Marching ground , 0.0 , account.account() , Unit(s)
Marker , 0.0 , account.account() , Unit(s)
Marketer transport , 1.0 , account.account() , Unit(s)
Masking Tape , 1.0 , account.account() , Unit(s)
Mason , 1.0 , account.account() , Unit(s)
Master Brake , 0.0 , account.account() , Unit(s)
Materials , 1.0 , account.account() , Unit(s)
materials to abuja transport , 1.0 , account.account() , Unit(s)
Materials Transloading , 0.0 , account.account() , Unit(s)
Matress , 0.0 , account.account() , Unit(s)
Mattress , 1.0 , account.account() , Unit(s)
Measuring tape , 1.0 , account.account() , Unit(s)
Media , 0.0 , account.account() , Unit(s)
Membrane backwashing , 1.0 , account.account() , Unit(s)
Membrane Cleaning , 1.0 , account.account() , Unit(s)
Membrane cleaning chemical , 0.0 , account.account() , Unit(s)
Membrane hose , 1.0 , account.account() , Unit(s)
Membranes , 1.0 , account.account() , Unit(s)
Memory Card , 0.0 , account.account() , Unit(s)
Mercedes Benz Tanker , 0.0 , account.account() , Unit(s)
Metals , 0.0 , account.account() , Unit(s)
meter , 0.0 , account.account() , Unit(s)
meter screw , 1.0 , account.account() , Unit(s)
Metre Reading , 1.0 , account.account() , Unit(s)
M/F Socket , 1.0 , account.account() , Unit(s)
Ministry of Enviroment , 0.0 , account.account() , Unit(s)
Ministry of Labour , 1.0 , account.account() , Unit(s)
Miyaki Allowance , 1.0 , account.account() , Unit(s)
Mobilization , 0.0 , account.account() , Unit(s)
Modem , 1.0 , account.account() , Unit(s)
Mofla Gasket , 0.0 , account.account() , Unit(s)
Money , 0.0 , account.account() , Unit(s)
Mop , 1.0 , account.account() , Unit(s)
Motor belt , 0.0 , account.account() , Unit(s)
motor recoiling , 1.0 , account.account() , Unit(s)
Motor Repair , 0.0 , account.account() , Unit(s)
Motor Rewinding , 1.0 , account.account() , Unit(s)
Motor Winding , 0.0 , account.account() , Unit(s)
MOT Security No , 0.0 , account.account() , Unit(s)
Mouder , 1.0 , account.account() , Unit(s)
MOU FEE for Obunna Community , 1.0 , account.account() , Unit(s)
 moulder , 1.0 , account.account() , Unit(s)
Moulding , 1.0 , account.account() , Unit(s)
Mould turner work , 0.0 , account.account() , Unit(s)
Mould Valve , 1.0 , account.account() , Unit(s)
Mounting Accessories (Bart) , 0.0 , account.account() , Unit(s)
Mouse , 1.0 , account.account() , Unit(s)
MTN moderm , 1.0 , account.account() , Unit(s)
NAFDAC , 1.0 , account.account() , Unit(s)
NAFDAC Allowance , 0.0 , account.account() , Unit(s)
NAFDAC Fines , 1.0 , account.account() , Unit(s)
Nails , 0.0 , account.account() , Unit(s)
Nails  & Binding Wire , 1.0 , account.account() , Unit(s)
National Union , 1.0 , account.account() , Unit(s)
National Union Sticker Tanker , 1.0 , account.account() , Unit(s)
Nepa Bill , 0.0 , account.account() , Unit(s)
Net , 0.0 , account.account() , Unit(s)
Net materials , 1.0 , account.account() , Unit(s)
New Dispenser Bottle , 1.0 , account.account() , Unit(s)
Night loaders , 1.0 , account.account() , Unit(s)
Night Work , 0.0 , account.account() , Unit(s)
Nipple , 1.0 , account.account() , Unit(s)
NOA Charges , 0.0 , account.account() , Unit(s)
Nose Guard , 0.0 , account.account() , Unit(s)
Note book , 1.0 , account.account() , Unit(s)
nozzle tip , 1.0 , account.account() , Unit(s)
Nussles servicing , 0.0 , account.account() , Unit(s)
Nuzzle and Elements , 0.0 , account.account() , Unit(s)
NVOCC Line Agency Charges , 0.0 , account.account() , Unit(s)
Nylon Machine Oil , 0.0 , account.account() , Unit(s)
Nylon Tape , 1.0 , account.account() , Unit(s)
Obunna , 0.0 , account.account() , Unit(s)
obunna accommodation for staff , 1.0 , account.account() , Unit(s)
Obunna Bldg Supervision , 1.0 , account.account() , Unit(s)
Obunna C/O , 1.0 , account.account() , Unit(s)
obunna factory buiding extension , 0.0 , account.account() , Unit(s)
Obunna Fence Work , 1.0 , account.account() , Unit(s)
Obunna Hall , 1.0 , account.account() , Unit(s)
Obunna Land , 1.0 , account.account() , Unit(s)
Obunna Nepa Bill , 1.0 , account.account() , Unit(s)
Obunna Offloading , 0.0 , account.account() , Unit(s)
Obunna RO ROOM SLAB EXT , 1.0 , account.account() , Unit(s)
Obunna transport , 1.0 , account.account() , Unit(s)
Obunna Water Test , 1.0 , account.account() , Unit(s)
Office Cleaning , 1.0 , account.account() , Unit(s)
Office Items , 0.0 , account.account() , Unit(s)
office stationery , 0.0 , account.account() , Unit(s)
Office transport , 1.0 , account.account() , Unit(s)
Offloading , 1.0 , account.account() , Unit(s)
Oil , 1.0 , account.account() , Unit(s)
Oil Filter , 0.0 , account.account() , Unit(s)
Oil Pump , 0.0 , account.account() , Unit(s)
Oil Seal , 1.0 , account.account() , Unit(s)
Oil treatment , 1.0 , account.account() , Unit(s)
One Inch Socket , 0.0 , account.account() , Unit(s)
Operator transport , 1.0 , account.account() , Unit(s)
Overload , 0.0 , account.account() , Unit(s)
over load for dingli , 1.0 , account.account() , Unit(s)
Overtime , 0.0 , account.account() , Unit(s)
Ozonator 6grm , 1.0 , account.account() , Unit(s)
Ozonator capacitor , 0.0 , account.account() , Unit(s)
Ozonator Hanger , 1.0 , account.account() , Unit(s)
Ozonator Installation  , 1.0 , account.account() , Unit(s)
Ozonator Powerpack , 1.0 , account.account() , Unit(s)
Ozonator repairs , 0.0 , account.account() , Unit(s)
Ozonator transformer , 0.0 , account.account() , Unit(s)
Packer , 1.0 , account.account() , Unit(s)
Packing Bag , 1.0 , account.account() , Unit(s)
Packing Bags for Sale , 0.0 , account.account() , Unit(s)
Padlocks , 0.0 , account.account() , Unit(s)
Paint , 0.0 , account.account() , Unit(s)
Painting , 1.0 , account.account() , Unit(s)
painting of Obunna Reception , 1.0 , account.account() , Unit(s)
Palet , 0.0 , account.account() , Unit(s)
Panel , 1.0 , account.account() , Unit(s)
Panel Beating , 0.0 , account.account() , Unit(s)
Panel Cover , 1.0 , account.account() , Unit(s)
Panel ray , 1.0 , account.account() , Unit(s)
Panel Works , 0.0 , account.account() , Unit(s)
Paper rim , 1.0 , account.account() , Unit(s)
Paper tape , 0.0 , account.account() , Unit(s)
Paracetamol , 1.0 , account.account() , Unit(s)
Partner Travel , 1.0 , account.account() , Unit(s)
Patres Box , 1.0 , account.account() , Unit(s)
Pay , 0.0 , account.account() , Unit(s)
PAYEE , 1.0 , account.account() , Unit(s)
Payloader , 0.0 , account.account() , Unit(s)
Peg , 1.0 , account.account() , Unit(s)
Pen , 0.0 , account.account() , Unit(s)
Pen , 1.0 , account.account() , Unit(s)
Personal Income Tax , 1.0 , account.account() , Unit(s)
ph meter , 1.0 , account.account() , Unit(s)
PH meter battery , 1.0 , account.account() , Unit(s)
PH Meters , 1.0 , account.account() , Unit(s)
Phone , 1.0 , account.account() , Unit(s)
Phone purchase , 0.0 , account.account() , Unit(s)
PH Online Monitor , 1.0 , account.account() , Unit(s)
pick , 1.0 , account.account() , Unit(s)
Pillow , 1.0 , account.account() , Unit(s)
pipe , 1.0 , account.account() , Unit(s)
Pipe , 1500.0 , account.account() , Unit(s)
Piston Cup  , 1.0 , account.account() , Unit(s)
Plain Rolls Normal , 1.0 , account.account() , Unit(s)
Plain Rolls Premium , 1.0 , account.account() , Unit(s)
Planks , 1.0 , account.account() , Unit(s)
Plastering , 1.0 , account.account() , Unit(s)
Plastering and Door and windews fixing , 1.0 , account.account() , Unit(s)
Plaster Sand , 1.0 , account.account() , Unit(s)
Plastic Cup , 0.0 , account.account() , Unit(s)
Plier , 1.0 , account.account() , Unit(s)
Plug cap , 1.0 , account.account() , Unit(s)
Plugs , 0.0 , account.account() , Unit(s)
Plug valves , 1.0 , account.account() , Unit(s)
Plumber , 1.0 , account.account() , Unit(s)
Plumbing , 0.0 , account.account() , Unit(s)
Plumbing Materials , 0.0 , account.account() , Unit(s)
Plywood , 1.0 , account.account() , Unit(s)
pole standup , 1.0 , account.account() , Unit(s)
Police Allowance , 0.0 , account.account() , Unit(s)
Police Bail , 1.0 , account.account() , Unit(s)
Police Expenses , 1.0 , account.account() , Unit(s)
Police fine , 1.0 , account.account() , Unit(s)
Polo with Colar , 1.0 , account.account() , Unit(s)
POS Paper , 1.0 , account.account() , Unit(s)
Post RO tank patching , 0.0 , account.account() , Unit(s)
Pots and Plates , 1.0 , account.account() , Unit(s)
Power bank , 0.0 , account.account() , Unit(s)
Power Steering Hose , 0.0 , account.account() , Unit(s)
Power Steering Oil , 1.0 , account.account() , Unit(s)
Power steering pipe , 1.0 , account.account() , Unit(s)
Power to F19 , 1.0 , account.account() , Unit(s)
Preform-21gr , 0.0 , account.account() , Unit(s)
Preform-24gr , 0.0 , account.account() , Unit(s)
Pressure Control , 1.0 , account.account() , Unit(s)
Pressure Spring , 0.0 , account.account() , Unit(s)
Pressure Switch , 0.0 , account.account() , Unit(s)
Pressure Valves , 1.0 , account.account() , Unit(s)
Pretreatment Tank Gasket , 1.0 , account.account() , Unit(s)
Primary pump , 1.0 , account.account() , Unit(s)
Printer , 0.0 , account.account() , Unit(s)
Printer Boris , 0.0 , account.account() , Unit(s)
Printer Ink , 0.0 , account.account() , Unit(s)
Printing , 1.0 , account.account() , Unit(s)
Printing Chemicals , 0.0 , account.account() , Unit(s)
Printing Roller , 1.0 , account.account() , Unit(s)
product tank install , 1.0 , account.account() , Unit(s)
Protective Filter , 1.0 , account.account() , Unit(s)
Protectors , 1.0 , account.account() , Unit(s)
Public Holiday Allowance , 0.0 , account.account() , Unit(s)
Pulley , 0.0 , account.account() , Unit(s)
Pulley Hook , 1.0 , account.account() , Unit(s)
Pump hose adaptor tanker , 0.0 , account.account() , Unit(s)
Pumping Machine Recoiling , 0.0 , account.account() , Unit(s)
Purewater , 1.0 , account.account(204,) , Unit(s)
Purewater100 , 100.0 , account.account(19,) , Unit(s)
Purewater110 , 110.0 , account.account(122,) , Unit(s)
Purewater115 , 115.0 , account.account(124,) , Unit(s)
Purewater120 , 120.0 , account.account(120,) , Unit(s)
PureWater65 , 65.0 , account.account(63,) , Unit(s)
Purewater70 , 70.0 , account.account(57,) , Unit(s)
Purewater75 , 1.0 , account.account() , Unit(s)
[purewater80 , 1.0 , account.account() , Unit(s)
Purewater80 , 80.0 , account.account(60,) , Unit(s)
 Purewater80 , 1.0 , account.account() , Unit(s)
[purewater80Purewater60 , 1.0 , account.account() , Unit(s)
Purewater85 , 85.0 , account.account() , Unit(s)
Purewater90 , 90.0 , account.account(126,) , Unit(s)
Pure Water Mini-Classic CT Counter Top Distiller  , 1.0 , account.account() , Unit(s)
PVC Ceiling , 1.0 , account.account() , Unit(s)
PVC Gum , 1300.0 , account.account() , Unit(s)
Quantitative pump , 1.0 , account.account() , Unit(s)
Radiator Cleanser , 0.0 , account.account() , Unit(s)
Radiator Coolant , 0.0 , account.account() , Unit(s)
Radiator Cover , 0.0 , account.account() , Unit(s)
Radiator Fixing , 0.0 , account.account() , Unit(s)
Radiator Hose , 1.0 , account.account() , Unit(s)
Radiator Patching , 0.0 , account.account() , Unit(s)
Radiator steaming , 0.0 , account.account() , Unit(s)
Rag , 1.0 , account.account() , Unit(s)
Rag and Filter , 0.0 , account.account() , Unit(s)
Raggi , 1.0 , account.account() , Unit(s)
Rainboot , 0.0 , account.account() , Unit(s)
Raincoats , 0.0 , account.account() , Unit(s)
Rake , 1.0 , account.account() , Unit(s)
Rake , 1.0 , account.account() , Unit(s)
Rake , 1.0 , account.account() , Unit(s)
Rake , 1.0 , account.account() , Unit(s)
Rake , 1.0 , account.account() , Unit(s)
Rake , 1.0 , account.account() , Unit(s)
Rake , 0.0 , account.account() , Unit(s)
Rake , 1.0 , account.account() , Unit(s)
 Realand RC-17 2.4" TFT Biometric Fingerprint Recorder , 0.0 , account.account() , Unit(s)
Reception Tiling , 1.0 , account.account() , Unit(s)
Recharge Card , 0.0 , account.account() , Unit(s)
Recoiling shrin Wrapping , 1.0 , account.account() , Unit(s)
Reconnection , 1.0 , account.account() , Unit(s)
Reconnection Fee , 1.0 , account.account() , Unit(s)
Recycling Machine , 1.0 , account.account() , Unit(s)
Reducer , 1.0 , account.account() , Unit(s)
Refilling , 0.0 , account.account() , Unit(s)
Refreshment , 1.0 , account.account() , Unit(s)
Refuse , 1.0 , account.account() , Unit(s)
Refuse Bag , 0.0 , account.account() , Unit(s)
Refuse Disposal , 0.0 , account.account() , Unit(s)
Relay , 0.0 , account.account() , Unit(s)
Relay and Thermos Coupling Wire , 0.0 , account.account() , Unit(s)
Relay Coil , 1.0 , account.account() , Unit(s)
Relay for temprature control , 1.0 , account.account() , Unit(s)
Removal , 1.0 , account.account() , Unit(s)
Rentals , 1.0 , account.account() , Unit(s)
Repairs , 1.0 , account.account() , Unit(s)
Repiping , 0.0 , account.account() , Unit(s)
Resin , 1.0 , account.account() , Unit(s)
Reverse Light , 1.0 , account.account() , Unit(s)
Reverse Light Switch , 1.0 , account.account() , Unit(s)
Ribbon , 0.0 , account.account() , Unit(s)
Rim Straightening , 0.0 , account.account() , Unit(s)
Ringing Part , 1.0 , account.account() , Unit(s)
Rings , 1.0 , account.account() , Unit(s)
RO3 Install Obunna , 1.0 , account.account() , Unit(s)
RO4 Install , 1.0 , account.account() , Unit(s)
Road Expenses , 1.0 , account.account() , Unit(s)
Road Safety Fine , 1.0 , account.account() , Unit(s)
Road worthiness , 1.0 , account.account() , Unit(s)
RO Bolt , 0.0 , account.account() , Unit(s)
RO Chip , 1.0 , account.account() , Unit(s)
Rocket Arms , 1.0 , account.account() , Unit(s)
Rod , 0.0 , account.account() , Unit(s)
Rod refilling , 0.0 , account.account() , Unit(s)
RO Hose , 1.0 , account.account() , Unit(s)
RO Housing , 0.0 , account.account() , Unit(s)
RO Install Kpansia , 1.0 , account.account() , Unit(s)
RO Install Obunna , 1.0 , account.account() , Unit(s)
Roller , 0.0 , account.account() , Unit(s)
Rollers , 1.0 , account.account() , Unit(s)
roll holder , 1.0 , account.account() , Unit(s)
Rolling door , 0.0 , account.account() , Unit(s)
Rolling Doors  , 1.0 , account.account() , Unit(s)
Rolling Front Doors , 1.0 , account.account() , Unit(s)
Rolls , 1.0 , account.account() , Unit(s)
RO meter , 0.0 , account.account() , Unit(s)
Roofing materials , 0.0 , account.account() , Unit(s)
Roof Maintenance , 1.0 , account.account() , Unit(s)
Roof Transparencies , 1.0 , account.account() , Unit(s)
Roof Walls , 1.0 , account.account() , Unit(s)
Rope , 1.0 , account.account() , Unit(s)
RO Relay (220V) , 0.0 , account.account() , Unit(s)
RO Repiping , 1.0 , account.account() , Unit(s)
RO Reverse osmosis equipment , 0.0 , account.account() , Unit(s)
RO Tanks washing , 0.0 , account.account() , Unit(s)
RO Treatment , 0.0 , account.account() , Unit(s)
Round Neck Shirt with Threaded Label , 1.0 , account.account() , Unit(s)
RO Works , 1.0 , account.account() , Unit(s)
Royal Bleu Ink , 0.0 , account.account() , Unit(s)
Rubber , 1.0 , account.account() , Unit(s)
Rubber Band , 1.0 , account.account() , Unit(s)
Rubber Basin , 0.0 , account.account() , Unit(s)
Rubber Seal , 1.0 , account.account() , Unit(s)
Sachet Machine , 1.0 , account.account() , Unit(s)
Sachet Machine Bolt and Nut FO Plate , 0.0 , account.account() , Unit(s)
Sachet Machine Bolts and Seating , 0.0 , account.account() , Unit(s)
Sachet Machine Circuit Breaker , 0.0 , account.account() , Unit(s)
Sachet Machine Grease , 1.0 , account.account() , Unit(s)
Sachet Machine Installation , 1.0 , account.account() , Unit(s)
Sachet Machine Motor , 0.0 , account.account() , Unit(s)
Sachet machine pulley , 1.0 , account.account() , Unit(s)
Sachet Machine Relay , 1.0 , account.account() , Unit(s)
Sachet Machine repairs , 1.0 , account.account() , Unit(s)
Sachet Machine Servicing , 1.0 , account.account() , Unit(s)
Sachet Rolls (Premium Printed) , 0.0 , account.account() , Unit(s)
Sachet Rolls (Printed) , 0.0 , account.account(79,) , Unit(s)
Sachet Rolls Printed (Normal) , 1.0 , account.account() , Unit(s)
Salary , 0.0 , account.account() , Unit(s)
Salary Advance , 0.0 , account.account() , Unit(s)
Salawu Expense , 1.0 , account.account() , Unit(s)
Salt , 0.0 , account.account() , Unit(s)
Sample Roll , 1.0 , account.account() , Unit(s)
Samsung Phone J2 , 1.0 , account.account() , Unit(s)
Sand  , 1.0 , account.account() , Unit(s)
Sand and Spreading , 0.0 , account.account() , Unit(s)
Sand Paper , 0.0 , account.account() , Unit(s)
Sanitation fee , 1.0 , account.account() , Unit(s)
Sanitation Sticker , 0.0 , account.account() , Unit(s)
Sarbic , 1.0 , account.account() , Unit(s)
Sasol LDPE , 1.0 , account.account() , Unit(s)
Saw blade , 0.0 , account.account() , Unit(s)
Scissors , 0.0 , account.account() , Unit(s)
Scotch Cast , 0.0 , account.account() , Unit(s)
Screw , 1.0 , account.account() , Unit(s)
Screw Driver , 1.0 , account.account() , Unit(s)
screw nail , 1.0 , account.account() , Unit(s)
Seal , 0.0 , account.account() , Unit(s)
Seal Dispenser , 1.0 , account.account() , Unit(s)
Sealing rubber , 1.0 , account.account() , Unit(s)
Sealing tape , 1.0 , account.account() , Unit(s)
seal Removal , 1.0 , account.account() , Unit(s)
Seating , 0.0 , account.account() , Unit(s)
Security for FIDO , 1.0 , account.account() , Unit(s)
Seetec 414 LLDPE , 20500.0 , account.account() , Unit(s)
Sensor , 1.0 , account.account() , Unit(s)
Service Charges , 0.0 , account.account() , Unit(s)
Services , 1.0 , account.account() , Unit(s)
Servicing , 0.0 , account.account() , Unit(s)
Setec 414 , 0.0 , account.account() , Unit(s)
Setec 414 , 1.0 , account.account() , Unit(s)
Sewage Disposal , 0.0 , account.account() , Unit(s)
Shafts , 0.0 , account.account() , Unit(s)
Sharpening Blade , 1.0 , account.account() , Unit(s)
Sharp Sand , 1.0 , account.account() , Unit(s)
Shiping Charges , 1.0 , account.account() , Unit(s)
shipping Intl , 1.0 , account.account() , Unit(s)
Shock absorber , 1.0 , account.account() , Unit(s)
Shoe , 1.0 , account.account() , Unit(s)
Shower Cap , 0.0 , account.account() , Unit(s)
Shrink Wrapping Machine Wire , 0.0 , account.account() , Unit(s)
Shrink Wrapping Motor Recoiling , 1.0 , account.account() , Unit(s)
Shrink wrapping roll , 1.0 , account.account() , Unit(s)
Side Glass , 1.0 , account.account() , Unit(s)
Side Mirror , 0.0 , account.account() , Unit(s)
Silencer , 0.0 , account.account() , Unit(s)
Silicon Rubber , 1.0 , account.account() , Unit(s)
Silicon Tape , 1.0 , account.account() , Unit(s)
Sim card , 1.0 , account.account() , Unit(s)
Sinking , 0.0 , account.account() , Unit(s)
Site pumping water  , 1.0 , account.account() , Unit(s)
SK HDPE 8800 , 19500.0 , account.account(202,) , Unit(s)
SK Nylon Raw Mat , 0.0 , account.account() , Unit(s)
SkY Wash , 1.0 , account.account() , Unit(s)
Slab , 0.0 , account.account() , Unit(s)
Slippers , 1.0 , account.account() , Unit(s)
Small Gate , 1.0 , account.account() , Unit(s)
Soakaway , 1.0 , account.account() , Unit(s)
Soap , 1.0 , account.account() , Unit(s)
Socket , 350.0 , account.account() , Unit(s)
Socket spanner , 1.0 , account.account() , Unit(s)
Soda Ash , 1.0 , account.account() , Unit(s)
Solar Panel , 1.0 , account.account() , Unit(s)
soldering iron , 1.0 , account.account() , Unit(s)
Solonoid Switch , 0.0 , account.account() , Unit(s)
SOP Documentation , 1.0 , account.account() , Unit(s)
Southern Ijaw sticker , 1.0 , account.account() , Unit(s)
Spanner , 0.0 , account.account() , Unit(s)
Spare tyre tube , 0.0 , account.account() , Unit(s)
Spark Plug , 1.0 , account.account() , Unit(s)
Sponge , 0.0 , account.account() , Unit(s)
Sprawket , 0.0 , account.account() , Unit(s)
Spring , 1.0 , account.account() , Unit(s)
Springs Hangers , 0.0 , account.account() , Unit(s)
Sproket , 0.0 , account.account() , Unit(s)
Stabilizer , 0.0 , account.account() , Unit(s)
Stabilizer Clothe , 0.0 , account.account() , Unit(s)
Stacker Wheel , 0.0 , account.account() , Unit(s)
Stack Rack , 1.0 , account.account() , Unit(s)
Staff Accomodation , 1.0 , account.account() , Unit(s)
Staff Bonus , 0.0 , account.account() , Unit(s)
Staff Feeding , 1.0 , account.account() , Unit(s)
Staff ID Cards , 0.0 , account.account() , Unit(s)
Staff Medicals , 0.0 , account.account() , Unit(s)
Staff Salary , 1.0 , account.account() , Unit(s)
Staff Training , 1.0 , account.account() , Unit(s)
Stapler , 0.0 , account.account() , Unit(s)
Star Allen Key , 1.0 , account.account() , Unit(s)
Star Delta , 0.0 , account.account() , Unit(s)
Steel Plate , 1.0 , account.account() , Unit(s)
Steel-Rope , 1.0 , account.account() , Unit(s)
Steering Alignment , 0.0 , account.account() , Unit(s)
Steering Fluid , 0.0 , account.account() , Unit(s)
Steering Hose , 0.0 , account.account() , Unit(s)
Steering Oil , 0.0 , account.account() , Unit(s)
steering Pump , 0.0 , account.account() , Unit(s)
Stefron , 1.0 , account.account() , Unit(s)
Stickers , 0.0 , account.account() , Unit(s)
Stones , 0.0 , account.account() , Unit(s)
Stool , 1.0 , account.account() , Unit(s)
Storage Charges , 0.0 , account.account() , Unit(s)
Store Room Concrete Work , 0.0 , account.account() , Unit(s)
Store Room Protector Work , 1.0 , account.account() , Unit(s)
Strawket , 1.0 , account.account() , Unit(s)
Stripping Charges , 0.0 , account.account() , Unit(s)
Submersible Pump , 0.0 , account.account() , Unit(s)
Subscription , 1.0 , account.account() , Unit(s)
Sundry , 1.0 , account.account() , Unit(s)
Super glue , 0.0 , account.account() , Unit(s)
Surfacing , 0.0 , account.account() , Unit(s)
Surveyor , 1.0 , account.account() , Unit(s)
Sweeping brush , 1.0 , account.account() , Unit(s)
Switch , 1.0 , account.account() , Unit(s)
Table , 1.0 , account.account() , Unit(s)
Tamper Proof - Dispenser , 1.0 , account.account() , Unit(s)
Tank , 1.0 , account.account() , Unit(s)
Tank cover , 0.0 , account.account() , Unit(s)
Tanker Spray , 0.0 , account.account() , Unit(s)
Tanker transfer pump fuel , 0.0 , account.account() , Unit(s)
Tanker Water , 1.0 , account.account(169,) , Unit(s)
Tank joining , 0.0 , account.account() , Unit(s)
Tank lifting and droping , 1.0 , account.account() , Unit(s)
Tank Patching , 1.0 , account.account() , Unit(s)
tank Piping , 1.0 , account.account() , Unit(s)
Tanks 1000L , 1.0 , account.account() , Unit(s)
Tank Stand , 0.0 , account.account() , Unit(s)
Tank Washing , 0.0 , account.account() , Unit(s)
Tap , 1.0 , account.account() , Unit(s)
Tape , 0.0 , account.account() , Unit(s)
Tapolin , 0.0 , account.account() , Unit(s)
Tarpaulin , 0.0 , account.account() , Unit(s)
Tashnee LDPE , 1.0 , account.account() , Unit(s)
Task Force , 1.0 , account.account() , Unit(s)
taxi expenses , 1.0 , account.account() , Unit(s)
TDS Meter , 1.0 , account.account() , Unit(s)
Tee , 350.0 , account.account() , Unit(s)
Tee , 1.0 , account.account() , Unit(s)
Teflon , 1.0 , account.account() , Unit(s)
temperature control , 0.0 , account.account() , Unit(s)
Terminal Head , 0.0 , account.account() , Unit(s)
Tester , 1.0 , account.account() , Unit(s)
Tester and Plier , 0.0 , account.account() , Unit(s)
Testing , 1.0 , account.account() , Unit(s)
thermocouple , 1.0 , account.account() , Unit(s)
Thermo couple wire , 1.0 , account.account() , Unit(s)
Thinner , 1.0 , account.account() , Unit(s)
Thinner Blower , 0.0 , account.account() , Unit(s)
Thread Screw , 0.0 , account.account() , Unit(s)
Thread tape , 700.0 , account.account() , Unit(s)
Tickets , 1.0 , account.account() , Unit(s)
Tile Drainage , 1.0 , account.account() , Unit(s)
Tiler , 1.0 , account.account() , Unit(s)
Tiler workmanship , 1.0 , account.account() , Unit(s)
Tiles , 1.0 , account.account() , Unit(s)
Tiles - 40x40 , 1.0 , account.account() , Unit(s)
Tiles breaking , 1.0 , account.account() , Unit(s)
Tiles Work , 1.0 , account.account() , Unit(s)
Tiling , 1.0 , account.account() , Unit(s)
Time Attendance System , 1.0 , account.account() , Unit(s)
Time Clock Enclosure, for Fingertec TA100, TA100C AC100C , 0.0 , account.account() , Unit(s)
Timer Relay , 1.0 , account.account() , Unit(s)
Timing Belt , 0.0 , account.account() , Unit(s)
Timing chain , 1.0 , account.account() , Unit(s)
Timing chain adjuster , 1.0 , account.account() , Unit(s)
Timing Rod , 0.0 , account.account() , Unit(s)
Tinner , 0.0 , account.account() , Unit(s)
Tire Lining , 0.0 , account.account() , Unit(s)
Tire Works , 0.0 , account.account() , Unit(s)
Toilet Door , 1.0 , account.account() , Unit(s)
Toileteries , 1.0 , account.account() , Unit(s)
Toilet Plumbing , 1.0 , account.account() , Unit(s)
Toilet Tiling , 1.0 , account.account() , Unit(s)
Toilet works , 1.0 , account.account() , Unit(s)
Toluene , 0.0 , account.account() , Unit(s)
To Obunna , 1.0 , account.account() , Unit(s)
To Ogbonna , 1.0 , account.account() , Unit(s)
Top Bond Gum , 1.0 , account.account() , Unit(s)
Top Gasket , 1.0 , account.account() , Unit(s)
Torch light , 1.0 , account.account() , Unit(s)
Towel , 1.0 , account.account() , Unit(s)
Towel , 0.0 , account.account() , Unit(s)
Towing , 1.0 , account.account() , Unit(s)
Tow Rope , 1.0 , account.account() , Unit(s)
TP-02 Installation Material , 0.0 , account.account() , Unit(s)
TP Gasket , 1.0 , account.account() , Unit(s)
TP Install , 1.0 , account.account() , Unit(s)
TP repair , 1.0 , account.account() , Unit(s)
TP Welding , 1.0 , account.account() , Unit(s)
Trade and Investment , 0.0 , account.account() , Unit(s)
Trafficator Glass , 1.0 , account.account() , Unit(s)
Traffigator case , 0.0 , account.account() , Unit(s)
Traficator Flasher , 1.0 , account.account() , Unit(s)
Trafigator Bulbs , 1.0 , account.account() , Unit(s)
Transfer Charges , 0.0 , account.account() , Unit(s)
Transformer , 1.0 , account.account() , Unit(s)
Transformer at Obunna , 0.0 , account.account() , Unit(s)
Transformer Fuse , 1.0 , account.account() , Unit(s)
Transformer installation , 0.0 , account.account() , Unit(s)
Transformer oil , 1.0 , account.account() , Unit(s)
Transformer Relay , 1.0 , account.account() , Unit(s)
Transhipment Port Dues , 0.0 , account.account() , Unit(s)
Transmission Oil , 0.0 , account.account() , Unit(s)
Transport , 1.0 , account.account() , Unit(s)
Transport , 1.0 , account.account() , Unit(s)
Transport , 1.0 , account.account() , Unit(s)
Transportation , 1.0 , account.account() , Unit(s)
transportation kpansia , 1.0 , account.account() , Unit(s)
Transport Lagos-Yenagoa , 1.0 , account.account() , Unit(s)
Transport Material Lagos to Yenagoa , 0.0 , account.account() , Unit(s)
Transport (material) to Abuja  , 0.0 , account.account() , Unit(s)
Transport (PHC-YENAGOA) , 1.0 , account.account() , Unit(s)
Treatment Media , 0.0 , account.account() , Unit(s)
Treatment Plant  , 1.0 , account.account() , Unit(s)
Treatment Plant Welding , 1.0 , account.account() , Unit(s)
treatment tank , 1.0 , account.account() , Unit(s)
Treatment Tank Install , 1.0 , account.account() , Unit(s)
Treatment Unit Capacitor , 0.0 , account.account() , Unit(s)
Trip  , 1.0 , account.account() , Unit(s)
Troley works , 1.0 , account.account() , Unit(s)
Trolley , 1.0 , account.account() , Unit(s)
Trottle Cable , 0.0 , account.account() , Unit(s)
Trowel , 1.0 , account.account() , Unit(s)
Truck , 1.0 , account.account() , Unit(s)
Trucking , 1.0 , account.account() , Unit(s)
Trunk Pipe and Nails (Bart) , 0.0 , account.account() , Unit(s)
Trutle Cable , 0.0 , account.account() , Unit(s)
Tube , 0.0 , account.account() , Unit(s)
Turbo charger , 0.0 , account.account() , Unit(s)
TwinOxide , 1.0 , account.account(138,) , Unit(s)
Tyre , 1.0 , account.account() , Unit(s)
Tyre Patching , 0.0 , account.account() , Unit(s)
Tyre Pumping , 0.0 , account.account() , Unit(s)
Tyre Rim , 0.0 , account.account() , Unit(s)
Tyre Tube , 0.0 , account.account() , Unit(s)
Tyre works , 1.0 , account.account() , Unit(s)
Tyrod , 0.0 , account.account() , Unit(s)
U-Insulator , 1.0 , account.account() , Unit(s)
Umbrella , 1.0 , account.account() , Unit(s)
Under Plate , 1.0 , account.account() , Unit(s)
Unified Stickers , 0.0 , account.account() , Unit(s)
Unified Ticket , 1.0 , account.account() , Unit(s)
Union , 1500.0 , account.account() , Unit(s)
Up & down bow joint , 0.0 , account.account() , Unit(s)
Up keep , 0.0 , account.account() , Unit(s)
Upper Clutch Pot , 1.0 , account.account() , Unit(s)
UPS , 0.0 , account.account() , Unit(s)
Used tire , 1.0 , account.account() , Unit(s)
UV Adaptors , 1.0 , account.account() , Unit(s)
UV Flourescent Bulb , 1.0 , account.account() , Unit(s)
uv light , 1.0 , account.account() , Unit(s)
UV Steriliser , 1.0 , account.account() , Unit(s)
Valve , 1.0 , account.account() , Unit(s)
Valve for Pet Blow Machine , 1.0 , account.account() , Unit(s)
Valve grinding , 0.0 , account.account() , Unit(s)
Valve Oil Seal , 0.0 , account.account() , Unit(s)
Varian Control Nob , 0.0 , account.account() , Unit(s)
VAT , 0.0 , account.account() , Unit(s)
Vehicle Licenses , 0.0 , account.account() , Unit(s)
vert , 1.0 , account.account() , Unit(s)
vertical cutter rubber , 0.0 , account.account() , Unit(s)
Vertical Sealing Rubber , 1.0 , account.account() , Unit(s)
VIO test Form , 1.0 , account.account() , Unit(s)
Voltage relay , 1.0 , account.account() , Unit(s)
Vontron ULP31 Membrane , 1.0 , account.account() , Unit(s)
VS Card , 0.0 , account.account() , Unit(s)
VS MOTOR , 1.0 , account.account() , Unit(s)
Wall Socket , 0.0 , account.account() , Unit(s)
Wall Socket and Fuse , 1.0 , account.account() , Unit(s)
Wall Tiles , 1.0 , account.account() , Unit(s)
Warehouse Delivery Charges , 0.0 , account.account() , Unit(s)
Washer , 1.0 , account.account() , Unit(s)
Waste bag , 1.0 , account.account() , Unit(s)
Waste bin , 0.0 , account.account() , Unit(s)
Waste Discharge Sticker , 0.0 , account.account() , Unit(s)
Waste Disposal , 0.0 , account.account() , Unit(s)
Waste mgt , 1.0 , account.account() , Unit(s)
Water Analysis , 1.0 , account.account() , Unit(s)
Water Pump , 0.0 , account.account() , Unit(s)
Water Sample , 0.0 , account.account() , Unit(s)
Water Seal , 1.0 , account.account() , Unit(s)
Water stacking , 0.0 , account.account() , Unit(s)
Water Testing , 1.0 , account.account() , Unit(s)
Waterwise Distiller Kleenwise Cleaner/Descaler - 40 oz.  , 1.0 , account.account() , Unit(s)
Waterwise Post Filter Replacement Bags - Six Pack  , 1.0 , account.account() , Unit(s)
Waybill , 1.0 , account.account() , Unit(s)
Way bill , 1.0 , account.account() , Unit(s)
Welder Labour , 1.0 , account.account() , Unit(s)
Welding Works , 0.0 , account.account() , Unit(s)
Wheel , 0.0 , account.account() , Unit(s)
Wheel&Balancing , 1.0 , account.account() , Unit(s)
Wheelbarrow , 0.0 , account.account() , Unit(s)
Wheel Spanner , 0.0 , account.account() , Unit(s)
Whipper blade , 0.0 , account.account() , Unit(s)
Whipper board , 1.0 , account.account() , Unit(s)
Whipper Engine , 0.0 , account.account() , Unit(s)
Whipper Switch , 0.0 , account.account() , Unit(s)
White cement , 1.0 , account.account() , Unit(s)
Wifi Cameras , 1.0 , account.account() , Unit(s)
Wifi router , 1.0 , account.account() , Unit(s)
Window Net , 1.0 , account.account() , Unit(s)
Window Repairs , 1.0 , account.account() , Unit(s)
Window Turner , 1.0 , account.account() , Unit(s)
Wiper , 1.0 , account.account() , Unit(s)
Wiper Sockets , 1.0 , account.account() , Unit(s)
 Wire , 1.0 , account.account() , Unit(s)
Wooden Pallet , 0.0 , account.account() , Unit(s)
Wooden Pole , 1.0 , account.account() , Unit(s)
work , 1.0 , account.account() , Unit(s)
WorkDesk , 1.0 , account.account() , Unit(s)
Workmanship , 1.0 , account.account() , Unit(s)
Yelga LGA ticket , 1.0 , account.account() , Unit(s)
Yenagoa LG Operational Permit , 1.0 , account.account() , Unit(s)
Yenagoa LG Stickers , 1.0 , account.account() , Unit(s)
Yenegoa LGA Offiicial Transport , 1.0 , account.account() , Unit(s)
ZKTeco F18 Access Control System , 1.0 , account.account() , Unit(s)
