ABDULAHI DAKOH , FALSE , False , False , 130000.0
ABUJA MATERIAL TRANSPORTER , FALSE , False , False , 609000.0
ADE MECHANIC , FALSE , False , False , 323850.0
AEDC - ABUJA ELECTRICITY DIST , FALSE , False , False , 22000.0
AFTRADE (ARS NIGERIA LTD) , FALSE , False , False , 19033907.0
AKIN MAINTAINANCE , FALSE , False , False , 100000.0
AKPOEBI MAGI-ACCT , FALSE , False , False , 4396250.0
ALABA SELLER , FALSE , False , False , 9960710.0
AMAKIRI LAWRENCE , FALSE , False , False , 500000.0
AMAZON.COM , FALSE , False , False , 730825.0
ANENE - GMP GUY ABUJA , FALSE , False , False , 35000.0
ARCHITECT NIYI OLAYIWOLA , FALSE , False , 08056154465 , 395000.0
ARCHITECT TAIWO , FALSE , False , False , 200000.0
ASSOCIATED PORT & MARINE DEVELOPMENT COMPANY LTD , FALSE , False , 01-3425846 , 90860.0
BANK FEE AND CHARGES , FALSE , False , False , 4029.0
BANK , FALSE , False , False , 0.0
BART AJILE (SOLAR GUY) , FALSE , False , False , 0.0
BART AJIME (SOLAR GUY) , FALSE , False , False , 2479400.0
BAYO METAL WORKS - BMW , FALSE , False , False , 181400.0
BIOHENRY GENERATORS LTD , FALSE , False , 08175080700 , 4615477.52
BITPLU , FALSE , False , False , 0.0
BITPLUG , FALSE , False , False , 3000.0
BRICK BLOCKS MAKING - EBENEZER , FALSE , False , False , 677000.0
CENTO INT CO LTD , FALSE , okaf20@hotmail.com , 018940089 ; 08037203073 , 16645000.0
CHINEDU POLY , AKPOEBI MAGI , False , False , 2955850.0
COURAGE SADO , FALSE , False , False , 10293470.0
CUMMINS WEST AFRICA LTD , FALSE , False , 07002866467 , 15086377.5
JOHN ABHULIMEN , FALSE , jabhulimen@cummins.com , 08128990683 , 0.0
DAILY EXPENSES , FALSE , False , False , 40101115.0
DAILY EXPENSES , FALSE , False , False , 2454280.0
DIMEJI OLATUBOSUN (AUDITOR) , FALSE , False , False , 345000.0
DISCOVERY MALL BESTBUY , FALSE , False , False , 150000.0
DISPENSER CAPS , FALSE , False , False , 0.0
DORATI-CLEANER-SAL , FALSE , False , False , 40000.0
DORATI-CLEANER-SUNDRY , FALSE , False , False , 18000.0
DOZIE IBEZIM , FALSE , False , 08032892528 , 617200.0
EBENEZER ADEKAN-EXPENSES , FALSE , False , False , 2643367.0
EBI-TUNYAN-SUNDRY , FALSE , False , False , 50000.0
EMILY  FILLING STATION , FALSE , False , False , 16335.0
ENG JOHN SULEJA , MD , False , False , 195000.0
ENGR JOHN SULEJA -EGHOSA , FALSE , False , 08184922942 , 1305000.0
ENVIONMENTAL SANITATION , FALSE , False , False , 118000.0
ESITE ADEBAYO , FALSE , False , False , 50000.0
ETHEL VENTURES , FALSE , False , False , 0.0
EVERBRIGHT INDUSTRIES LTD , FALSE , False , False , 1000000.0
EYEN - SEIGHA STUFF , FALSE , False , False , 212300.0
FACTORY B EXT , FALSE , False , False , 1080000.0
FACTORY C OGBONNA , FALSE , False , False , 0.0
FAITH IWEAJUNWA CHINONYE , FALSE , False , False , 15000.0
FAMO - BH DRILLING , FALSE , False , False , 0.0
FAMO - BH DRILLING KPANSIA C , FALSE , False , False , 100000.0
FIDELITY BANK PLC , FALSE , False , False , 105.0
FIDO PLAST IMPORT , FALSE , False , False , 455000.0
INTERNAL , FALSE , False , False , 0.0
FIT PROJECT , FALSE , False , False , 50000.0
FORCADOS-EXPENSES , FALSE , False , False , 3532869.52
FOUANI NIG LTD (LG) , FALSE , False , False , 57500.0
FRANK- GENERATOR REPAIRS , FALSE , False , False , 59700.0
FRSC , FALSE , False , False , 0.0
GANBO FILATEI - SUNDRY , FALSE , False , False , 1073000.0
GLOBAL STERLING , FALSE , False , False , 16000.0
GOGOBA VICTORIA , FALSE , False , False , 360000.0
GUDU ELECTRICAL SHOP , FALSE , False , False , 100000.0
GUDU MARKET STORE , FALSE , False , False , 77000.0
HAMZA AHMED , FALSE , False , False , 600000.0
IRABOR POLO SHIRT MAKER , FALSE , False , False , 483600.0
ISAH AMODU BALA , FALSE , False , False , 665000.0
IVRY EBIWARI , FALSE , False , False , 327500.0
IVRY EBIWARI - CONSULTING , FALSE , False , False , 15000.0
JAWAB MOTORS NIG LTD , FALSE , False , 08037017262 , 3600000.0
JEJE BUILDING CONTRACTOR , FALSE , False , False , 600000.0
JMG LTD , FALSE , e.kolawole@jmglimited.com , 080 60 56 57 78 , 7081653.04
JOVERO FILLING STATION , FALSE , False , False , 43050.0
JULIUS JOSEPH - EXPENSES , FALSE , False , False , 30000.0
JUMIA , FALSE , False , False , 153808.0
KEAZ , FALSE , False , False , 173000.0
KEENSEN MEMBRANE CO CHINA , FALSE , False , False , 385140.0
KING KOKO , FALSE , False , False , 200000.0
KINGS-EXPENSES , FALSE , False , False , 1122670.0
KINGSLEY AKOMOLAFE-ACCT , FALSE , False , False , 263000.0
KOBISON FILLING STATION , FALSE , False , False , 184790.0
KPANSIA C COMMUNITY , FALSE , False , False , 300000.0
KPANSIA C DEV FEE , FALSE , False , False , 0.0
KPANSIA C EBENEZER , FALSE , False , False , 66000.0
KPANSIA C OGBONNA , FALSE , False , False , 1562500.0
KPANSIA FACTORY B EXT , FALSE , False , False , 0.0
KROBOH-SUNDRY , FALSE , False , False , 25378080.0
LAND PURCHASED AT OBUNNA , FALSE , False , False , 750000.0
MAAKU MEDICAL EMERGENCY , FALSE , False , False , 80000.0
MAHILONY GLOBAL RESOURCES LTD , FALSE , False , False , 100000.0
MAHILONY GLOBAL RESOURCES LTD , FALSE , False , False , 8536427.0
MEMBRANE CLEANING , FALSE , False , False , 254000.0
MISC - FOR ACCOUNT FIXES , FALSE , False , False , 0.0
MOG ALLUMINIUM , FALSE , False , False , 310000.0
MOSES MAOR , FALSE , False , False , 523000.0
MUHAMMAD TANKO JIBRIL (CAC CONSULTANT) , FALSE , False , False , 160000.0
MUHAMMED SULEJA EXTRUDER SELLER , FALSE , False , False , 30000.0
MUYI LINE TRANSPORTER , FALSE , False , False , 4133300.0
NOCTURNA SECURITY COMPANY , FALSE , False , False , 69154.0
OBUNNA CDC CHAIR , FALSE , False , False , 10000.0
OBUNNA CHIEF TIETIE ELIJAH , FALSE , False , False , 50000.0
OBUNNA HALL PROJECT , FALSE , False , False , 3614120.0
ODIA PARTNER CIT , FALSE , False , False , 0.0
OGBONNA EGESI BUILDER , FALSE , False , False , 11963548.0
OKADIGBO MECHANIC ABUJA , FALSE , False , False , 100000.0
OK CONTRACTORS , FALSE , okpubigho@yahoo.com , 08033019999 , 0.0
OK CONTRACTORS NIG LTD , FALSE , False , False , 1550800.0
OKE ISRAEL - DIESEL SUPPLIER , FALSE , False , False , 4810000.0
OKOCHA O VENTURE , FALSE , False , 08064704358 , 38000.0
OLAITAN WAREHOUSE LANDLORD , FALSE , False , False , 70000.0
MR UZOR LANDLORD OLAITAN WAREHOUSE , FALSE , False , False , 0.0
OLANIYI OLAYIWOLA , FALSE , False , False , 255000.0
OMNIK (123 GLOBAL CONCEPT LTD) , FALSE , omnikltd@gmail.com , 08188772233 , 184331377.0
PATRICK ODEH , FALSE , False , False , 1484200.0
PERE ENAREGHA , FALSE , False , False , 350000.0
PLUMB BEAUTY & SOLUTION , FALSE , False , False , 130700.0
PRAVEEN POLY PLAST LTD , FALSE , False , False , 1070300.0
PRIMA PLASTICS , FALSE , False , False , 115752.0
PRINCESS-EXPENSES , FALSE , False , False , 10000.0
RANDY ATIMI EXPENSES , FALSE , False , False , 628800.0
RECEIPT BOOKLET PRINTER , FALSE , False , False , 12000.0
RECEIPT PRINTER , FALSE , False , False , 0.0
RO INSTALLATION , FALSE , False , False , 84900.0
RUIAN SHUNFENG PACKAGING MACHINERY CO LTD , FALSE , sue@sfsue.com , False , 2160000.0
SAMSUNG , FALSE , False , False , 61500.0
SANDRA OLEKALU , FALSE , False , False , 30000.0
SELGIC VENTURES LTD , FALSE , False , 08034755561 , 90000.0
SHEM-AGBEDE , FALSE , False , False , 70000.0
SHOPTOMYDOOR , FALSE , False , False , 148348.8
SUNDAY AKANO GUGU MARKET ELECTRICALS , FALSE , False , False , 172000.0
SUNDAY ERIJAH , FALSE , False , False , 1000000.0
SUNDAY GUGU MARKET ELECTRICALS , FALSE , False , False , 120000.0
SUNDRY CLEANER WARE HOUSE OLAITAN STR , FALSE , False , False , 10200.0
SUNDRY EBI AND DOUBRA , FALSE , False , False , 157000.0
SUNDRY ODIA , FALSE , False , False , 47000.0
SUNDRY VENDOR EBENEZER , FALSE , False , False , 4400500.0
SUNDRY VENDOR FAMO , FALSE , False , False , 4400280.0
TAMOL ALLUMINIUM LTD , FALSE , sitaco2001@yahoo.com.uk , 07030913760 , 2829380.0
TECHNO SANTO MEZEL LTD , FALSE , False , False , 305000.0
TEST , FALSE , False , False , 0.0
TIMI MIKE-ACCTS , FALSE , False , False , 60000.0
TKO INCORP LTD , FALSE , tkoincorporation@yahoo.co.uk , 08033302875 , 496000.0
TRANSFORMER SELLER ONITSHA , FALSE , False , False , 300000.0
TRANSPORTER (GENERIC) , FALSE , False , False , 380000.0
TROFANI - FAMO , FALSE , False , False , 130000.0
VICKMOORE 1IN1 PURITY LTD , FALSE , False , 08154614277 , 550000.0
VICK MORE , FALSE , False , False , 0.0
YOUNG CEJ EXECUTIVE COY , FALSE , False , 08062896276 , 831850.0
ZZGC TECHNOLOGY LTD , FALSE , sales1-ilo@szzzgctech.com , 002349097517456 , 7737990.0
